Change Component Footprint: Designator=U3 Old Footprint=FP-C04-300-PT-IPC_B New Footprint=FP-C04-300-PT-IPC_B
Change Component Footprint: Designator=R1 Old Footprint=RESC2013X50X30ML20T20 New Footprint=RESC2013X50X30ML20T20
Change Component Footprint: Designator=R2 Old Footprint=RESC2013X50X30ML20T20 New Footprint=RESC2013X50X30ML20T20
Change Component Footprint: Designator=R3 Old Footprint=RESC2013X50X30ML20T20 New Footprint=RESC2013X50X30ML20T20
Change Component Footprint: Designator=R4 Old Footprint=RESC2013X50X30ML20T20 New Footprint=RESC2013X50X30ML20T20
Change Component Footprint: Designator=R5 Old Footprint=RESC2013X50X30ML20T20 New Footprint=RESC2013X50X30ML20T20
Change Component Footprint: Designator=R6 Old Footprint=RESC2013X50X30ML20T20 New Footprint=RESC2013X50X30ML20T20
Change Component Footprint: Designator=R7 Old Footprint=RESC2013X50X30ML20T20 New Footprint=RESC2013X50X30ML20T20
Change Component Footprint: Designator=R8 Old Footprint=RESC2013X50X30ML20T20 New Footprint=RESC2013X50X30ML20T20
Change Component Footprint: Designator=R9 Old Footprint=RESC2013X50X30ML20T20 New Footprint=RESC2013X50X30ML20T20
Change Component Footprint: Designator=R10 Old Footprint=RESC2013X50X30ML20T20 New Footprint=RESC2013X50X30ML20T20
Change Component Footprint: Designator=R11 Old Footprint=RESC2013X50X30ML20T20 New Footprint=RESC2013X50X30ML20T20
Change Component Footprint: Designator=R12 Old Footprint=RESC2013X50X30ML20T20 New Footprint=RESC2013X50X30ML20T20
Change Component Footprint: Designator=R13 Old Footprint=RESC2013X50X30ML20T20 New Footprint=RESC2013X50X30ML20T20
Change Component Footprint: Designator=R14 Old Footprint=RESC2013X50X30ML20T20 New Footprint=RESC2013X50X30ML20T20
Change Component Footprint: Designator=R15 Old Footprint=RESC2013X50X30ML20T20 New Footprint=RESC2013X50X30ML20T20
Change Component Footprint: Designator=R16 Old Footprint=RESC2013X50X30ML20T20 New Footprint=RESC2013X50X30ML20T20
Change Component Footprint: Designator=R17 Old Footprint=RESC2013X50X30ML20T20 New Footprint=RESC2013X50X30ML20T20
Change Component Footprint: Designator=R18 Old Footprint=RESC2013X50X30ML20T20 New Footprint=RESC2013X50X30ML20T20
Change Component Footprint: Designator=R19 Old Footprint=RESC2013X50X30ML20T20 New Footprint=RESC2013X50X30ML20T20
Change Component Footprint: Designator=R20 Old Footprint=RESC2013X50X30ML20T20 New Footprint=RESC2013X50X30ML20T20
Change Component Footprint: Designator=R21 Old Footprint=RESC2013X50X30ML20T20 New Footprint=RESC2013X50X30ML20T20
Change Component Footprint: Designator=R22 Old Footprint=RESC2013X50X30ML20T20 New Footprint=RESC2013X50X30ML20T20
Change Component Footprint: Designator=R23 Old Footprint=RESC2013X50X30ML20T20 New Footprint=RESC2013X50X30ML20T20
Change Component Footprint: Designator=R24 Old Footprint=RESC2013X50X30ML20T20 New Footprint=RESC2013X50X30ML20T20
Add Component: Footprint Not Found ONSC-SMB-2-403A-03_H_V
Add Component: Footprint Not Found FP-ACSC02-41SURKWA-F01-MFG
Add Component: Footprint Not Found FP-ACSC02-41SURKWA-F01-MFG
Add Component: Footprint Not Found FP-ACSC02-41SURKWA-F01-MFG
Add Component: Footprint Not Found FP-ACSC02-41SURKWA-F01-MFG
Added Component: Designator=J10(5015)
Add component (AddParameter): Name = "Automotive"; Value = "No"; VariantName = "[No Variations]"
Add component (AddParameter): Name = "Category"; Value = "Conn"; VariantName = "[No Variations]"
Add component (AddParameter): Name = "ComponentLink2Description"; Value = "Datasheet"; VariantName = "[No Variations]"
Add component (AddParameter): Name = "ComponentLink2URL"; Value = "http://www.keyelco.com/product-pdf.cfm?p=1353"; VariantName = "[No Variations]"
Add component (AddParameter): Name = "Conn Orientation"; Value = "Straight"; VariantName = "[No Variations]"
Add component (AddParameter): Name = "Contact Material"; Value = "Silver"; VariantName = "[No Variations]"
Add component (AddParameter): Name = "Device Class L1"; Value = "Connectors"; VariantName = "[No Variations]"
Add component (AddParameter): Name = "Device Class L2"; Value = "unset"; VariantName = "[No Variations]"
Add component (AddParameter): Name = "Device Class L3"; Value = "unset"; VariantName = "[No Variations]"
Add component (AddParameter): Name = "Digikey Description"; Value = "PC TEST POINT MINIATURE"; VariantName = "[No Variations]"
Add component (AddParameter): Name = "Height"; Value = "1.65mm"; VariantName = "[No Variations]"
Add component (AddParameter): Name = "Lead Free"; Value = "Yes"; VariantName = "[No Variations]"
Add component (AddParameter): Name = "Manufacturer"; Value = "keystone"; VariantName = "[No Variations]"
Add component (AddParameter): Name = "Manufacturer Part Number"; Value = "5015"; VariantName = "[No Variations]"
Add component (AddParameter): Name = "Number Of Contacts"; Value = "1"; VariantName = "[No Variations]"
Add component (AddParameter): Name = "Octopart"; Value = "https://octopart.com/5015-keystone-3822"; VariantName = "[No Variations]"
Add component (AddParameter): Name = "Package"; Value = "5015"; VariantName = "[No Variations]"
Add component (AddParameter): Name = "RoHS"; Value = "TRUE"; VariantName = "[No Variations]"
Add Pin To Net: Unknown Pin: Pin D3-1
Add Pin To Net: Unknown Pin: Pin D3-2
Add Pin To Net: Unknown Pin: Pin DS1-1
Add Pin To Net: Unknown Pin: Pin DS1-2
Add Pin To Net: Unknown Pin: Pin DS1-3
Add Pin To Net: Unknown Pin: Pin DS1-4
Add Pin To Net: Unknown Pin: Pin DS1-5
Add Pin To Net: Unknown Pin: Pin DS1-6
Add Pin To Net: Unknown Pin: Pin DS1-7
Add Pin To Net: Unknown Pin: Pin DS1-8
Add Pin To Net: Unknown Pin: Pin DS1-9
Add Pin To Net: Unknown Pin: Pin DS1-10
Add Pin To Net: Unknown Pin: Pin DS2-1
Add Pin To Net: Unknown Pin: Pin DS2-2
Add Pin To Net: Unknown Pin: Pin DS2-3
Add Pin To Net: Unknown Pin: Pin DS2-4
Add Pin To Net: Unknown Pin: Pin DS2-5
Add Pin To Net: Unknown Pin: Pin DS2-6
Add Pin To Net: Unknown Pin: Pin DS2-7
Add Pin To Net: Unknown Pin: Pin DS2-8
Add Pin To Net: Unknown Pin: Pin DS2-9
Add Pin To Net: Unknown Pin: Pin DS2-10
Add Pin To Net: Unknown Pin: Pin DS3-1
Add Pin To Net: Unknown Pin: Pin DS3-2
Add Pin To Net: Unknown Pin: Pin DS3-3
Add Pin To Net: Unknown Pin: Pin DS3-4
Add Pin To Net: Unknown Pin: Pin DS3-5
Add Pin To Net: Unknown Pin: Pin DS3-6
Add Pin To Net: Unknown Pin: Pin DS3-7
Add Pin To Net: Unknown Pin: Pin DS3-8
Add Pin To Net: Unknown Pin: Pin DS3-9
Add Pin To Net: Unknown Pin: Pin DS3-10
Add Pin To Net: Unknown Pin: Pin DS4-1
Add Pin To Net: Unknown Pin: Pin DS4-2
Add Pin To Net: Unknown Pin: Pin DS4-3
Add Pin To Net: Unknown Pin: Pin DS4-4
Add Pin To Net: Unknown Pin: Pin DS4-5
Add Pin To Net: Unknown Pin: Pin DS4-6
Add Pin To Net: Unknown Pin: Pin DS4-7
Add Pin To Net: Unknown Pin: Pin DS4-8
Add Pin To Net: Unknown Pin: Pin DS4-9
Add Pin To Net: Unknown Pin: Pin DS4-10
Added Pin To Net: NetName=analog2 Pin=J10-1
Add Pin To Net: Unknown Pin: Pin Q3-1
Add Pin To Net: Unknown Pin: Pin Q3-2
Add Pin To Net: Unknown Pin: Pin Q3-3
Add Pin To Net: Unknown Pin: Pin RE1-1
Add Pin To Net: Unknown Pin: Pin RE1-2
Add Pin To Net: Unknown Pin: Pin RE1-3
Add Pin To Net: Unknown Pin: Pin RE1-4
Add Pin To Net: Unknown Pin: Pin RE1-6
Add Pin To Net: Unknown Pin: Pin RE1-7
Add Pin To Net: Unknown Pin: Pin RE1-8
Add Class Member: Failed to add class member : Component D3 5v1
Add Class Member: Failed to add class member : Component DS1 7segDisplay
Add Class Member: Failed to add class member : Component DS2 7segDisplay
Add Class Member: Failed to add class member : Component DS3 7segDisplay
Add Class Member: Failed to add class member : Component DS4 7segDisplay
Added Member To Class: ClassName=Thermokoppel Member=Component J10 5015
Add Class Member: Failed to add class member : Component Q3 BC857
Add Class Member: Failed to add class member : Component RE1 Relay
