Change Component Footprint: Designator=R4 Old Footprint=RESC2013X50X30ML20T20 New Footprint=RESC2013X50X30ML20T20
Change Component Footprint: Designator=R5 Old Footprint=RESC2013X50X30ML20T20 New Footprint=RESC2013X50X30ML20T20
Change Component Footprint: Designator=R6 Old Footprint=RESC2013X50X30ML20T20 New Footprint=RESC2013X50X30ML20T20
Change Component Footprint: Designator=R7 Old Footprint=RESC2013X50X30ML20T20 New Footprint=RESC2013X50X30ML20T20
Change Component Footprint: Designator=R8 Old Footprint=RESC2013X50X30ML20T20 New Footprint=RESC2013X50X30ML20T20
Change Component Footprint: Designator=R9 Old Footprint=RESC2013X50X30ML20T20 New Footprint=RESC2013X50X30ML20T20
Change Component Footprint: Designator=R10 Old Footprint=RESC2013X50X30ML20T20 New Footprint=RESC2013X50X30ML20T20
Change Component Footprint: Designator=R11 Old Footprint=RESC2013X50X30ML20T20 New Footprint=RESC2013X50X30ML20T20
Change Component Footprint: Designator=R12 Old Footprint=RESC2013X50X30ML20T20 New Footprint=RESC2013X50X30ML20T20
Change Component Footprint: Designator=R13 Old Footprint=RESC2013X50X30ML20T20 New Footprint=RESC2013X50X30ML20T20
Change Component Footprint: Designator=R14 Old Footprint=RESC2013X50X30ML20T20 New Footprint=RESC2013X50X30ML20T20
Added Component: Designator=C5(CAP-SMD_BD4.0-L4.3-W4.3-FD-LS5.3)
Add component (AddParameter): Name = "ComponentLink1Description"; Value = "Manufacturer URL"; VariantName = "[No Variations]"
Add component (AddParameter): Name = "ComponentLink1URL"; Value = "http://www.panasonic.com/"; VariantName = "[No Variations]"
Add component (AddParameter): Name = "ComponentLink2Description"; Value = "Datasheet"; VariantName = "[No Variations]"
Add component (AddParameter): Name = "ComponentLink2URL"; Value = "http://industrial.panasonic.com/cdbs/www-data/pdf/RDE0000/ABA0000C1181.pdf"; VariantName = "[No Variations]"
Add component (AddParameter): Name = "DatasheetVersion"; Value = "03/2016"; VariantName = "[No Variations]"
Add component (AddParameter): Name = "Height"; Value = "10.2 mm"; VariantName = "[No Variations]"
Add component (AddParameter): Name = "Lead Pitch"; Value = "3.1 mm"; VariantName = "[No Variations]"
Add component (AddParameter): Name = "Length"; Value = "10.2 mm"; VariantName = "[No Variations]"
Add component (AddParameter): Name = "Manufacturer"; Value = "Panasonic"; VariantName = "[No Variations]"
Add component (AddParameter): Name = "Max Operating Temperature"; Value = "105 degC"; VariantName = "[No Variations]"
Add component (AddParameter): Name = "Min Operating Temperature"; Value = "-55 degC"; VariantName = "[No Variations]"
Add component (AddParameter): Name = "Mount"; Value = "Surface Mount"; VariantName = "[No Variations]"
Add component (AddParameter): Name = "Mounting Technology"; Value = "Surface Mount"; VariantName = "[No Variations]"
Add component (AddParameter): Name = "Package Quantity"; Value = "500"; VariantName = "[No Variations]"
Add component (AddParameter): Name = "PackageDescription"; Value = "2-Pin Electrolytic Aluminum Capacitor, Body 8.3 x 8.3 mm"; VariantName = "[No Variations]"
Add component (AddParameter): Name = "PackageReference"; Value = "EEE-FK1E221P"; VariantName = "[No Variations]"
Add component (AddParameter): Name = "Packaging"; Value = "Tape and Reel"; VariantName = "[No Variations]"
Add component (AddParameter): Name = "Pins"; Value = "2"; VariantName = "[No Variations]"
Add component (AddParameter): Name = "REACH SVHC"; Value = "No SVHC"; VariantName = "[No Variations]"
Add component (AddParameter): Name = "RoHSCompliant"; Value = "true"; VariantName = "[No Variations]"
Add component (AddParameter): Name = "Voltage Rating"; Value = "25 V"; VariantName = "[No Variations]"
Added Component: Designator=C6(CAP-SMD_BD4.0-L4.3-W4.3-FD-LS5.3)
Add component (AddParameter): Name = "ComponentLink1Description"; Value = "Manufacturer URL"; VariantName = "[No Variations]"
Add component (AddParameter): Name = "ComponentLink1URL"; Value = "http://www.panasonic.com/"; VariantName = "[No Variations]"
Add component (AddParameter): Name = "ComponentLink2Description"; Value = "Datasheet"; VariantName = "[No Variations]"
Add component (AddParameter): Name = "ComponentLink2URL"; Value = "http://industrial.panasonic.com/cdbs/www-data/pdf/RDE0000/ABA0000C1181.pdf"; VariantName = "[No Variations]"
Add component (AddParameter): Name = "DatasheetVersion"; Value = "03/2016"; VariantName = "[No Variations]"
Add component (AddParameter): Name = "Height"; Value = "10.2 mm"; VariantName = "[No Variations]"
Add component (AddParameter): Name = "Lead Pitch"; Value = "3.1 mm"; VariantName = "[No Variations]"
Add component (AddParameter): Name = "Length"; Value = "10.2 mm"; VariantName = "[No Variations]"
Add component (AddParameter): Name = "Manufacturer"; Value = "Panasonic"; VariantName = "[No Variations]"
Add component (AddParameter): Name = "Max Operating Temperature"; Value = "105 degC"; VariantName = "[No Variations]"
Add component (AddParameter): Name = "Min Operating Temperature"; Value = "-55 degC"; VariantName = "[No Variations]"
Add component (AddParameter): Name = "Mount"; Value = "Surface Mount"; VariantName = "[No Variations]"
Add component (AddParameter): Name = "Mounting Technology"; Value = "Surface Mount"; VariantName = "[No Variations]"
Add component (AddParameter): Name = "Package Quantity"; Value = "500"; VariantName = "[No Variations]"
Add component (AddParameter): Name = "PackageDescription"; Value = "2-Pin Electrolytic Aluminum Capacitor, Body 8.3 x 8.3 mm"; VariantName = "[No Variations]"
Add component (AddParameter): Name = "PackageReference"; Value = "EEE-FK1E221P"; VariantName = "[No Variations]"
Add component (AddParameter): Name = "Packaging"; Value = "Tape and Reel"; VariantName = "[No Variations]"
Add component (AddParameter): Name = "Pins"; Value = "2"; VariantName = "[No Variations]"
Add component (AddParameter): Name = "REACH SVHC"; Value = "No SVHC"; VariantName = "[No Variations]"
Add component (AddParameter): Name = "RoHSCompliant"; Value = "true"; VariantName = "[No Variations]"
Add component (AddParameter): Name = "Voltage Rating"; Value = "25 V"; VariantName = "[No Variations]"
Added Component: Designator=D1(TTF)
Add component (AddParameter): Name = "Automotive"; Value = "No"; VariantName = "[No Variations]"
Add component (AddParameter): Name = "Category"; Value = "Diode"; VariantName = "[No Variations]"
Add component (AddParameter): Name = "ComponentLink2Description"; Value = "Datasheet"; VariantName = "[No Variations]"
Add component (AddParameter): Name = "ComponentLink2URL"; Value = "https://www.taiwansemi.com/products/datasheet/GBPC%2015005%20SERIES_K14.pdf"; VariantName = "[No Variations]"
Add component (AddParameter): Name = "Device Class L1"; Value = "Discrete Semiconductors"; VariantName = "[No Variations]"
Add component (AddParameter): Name = "Device Class L2"; Value = "Diodes"; VariantName = "[No Variations]"
Add component (AddParameter): Name = "Device Class L3"; Value = "Rectifier Diodes"; VariantName = "[No Variations]"
Add component (AddParameter): Name = "Forward Current"; Value = "35A"; VariantName = "[No Variations]"
Add component (AddParameter): Name = "Height"; Value = "11.23mm"; VariantName = "[No Variations]"
Add component (AddParameter): Name = "Lead Free"; Value = "Yes"; VariantName = "[No Variations]"
Add component (AddParameter): Name = "Manufacturer"; Value = "Taiwan Semiconductor"; VariantName = "[No Variations]"
Add component (AddParameter): Name = "Manufacturer Part Number"; Value = "GBPC3510W T0"; VariantName = "[No Variations]"
Add component (AddParameter): Name = "Max Junction Temp"; Value = "+150°C"; VariantName = "[No Variations]"
Add component (AddParameter): Name = "Max Repetitive Reverse Voltage"; Value = "1000V"; VariantName = "[No Variations]"
Add component (AddParameter): Name = "Max Surge Forward Current"; Value = "400A"; VariantName = "[No Variations]"
Add component (AddParameter): Name = "Octopart"; Value = "https://octopart.com/gbpc3510w+t0-taiwan+semiconductor-12450781"; VariantName = "[No Variations]"
Add component (AddParameter): Name = "Package"; Value = "GBPC-W"; VariantName = "[No Variations]"
Add component (AddParameter): Name = "Peak Reverse Current"; Value = "5uA"; VariantName = "[No Variations]"
Add component (AddParameter): Name = "Reverse Voltage"; Value = "1000V"; VariantName = "[No Variations]"
Add component (AddParameter): Name = "RoHS"; Value = "TRUE"; VariantName = "[No Variations]"
Add component (AddParameter): Name = "Temperature"; Value = "-55°C to +150°C"; VariantName = "[No Variations]"
Add component (AddParameter): Name = "Temperature Range High"; Value = "+150°C"; VariantName = "[No Variations]"
Add component (AddParameter): Name = "Temperature Range Low"; Value = "-55°C"; VariantName = "[No Variations]"
Added Component: Designator=D2(TTF)
Add component (AddParameter): Name = "Automotive"; Value = "No"; VariantName = "[No Variations]"
Add component (AddParameter): Name = "Category"; Value = "Diode"; VariantName = "[No Variations]"
Add component (AddParameter): Name = "ComponentLink2Description"; Value = "Datasheet"; VariantName = "[No Variations]"
Add component (AddParameter): Name = "ComponentLink2URL"; Value = "https://www.taiwansemi.com/products/datasheet/GBPC%2015005%20SERIES_K14.pdf"; VariantName = "[No Variations]"
Add component (AddParameter): Name = "Device Class L1"; Value = "Discrete Semiconductors"; VariantName = "[No Variations]"
Add component (AddParameter): Name = "Device Class L2"; Value = "Diodes"; VariantName = "[No Variations]"
Add component (AddParameter): Name = "Device Class L3"; Value = "Rectifier Diodes"; VariantName = "[No Variations]"
Add component (AddParameter): Name = "Forward Current"; Value = "35A"; VariantName = "[No Variations]"
Add component (AddParameter): Name = "Height"; Value = "11.23mm"; VariantName = "[No Variations]"
Add component (AddParameter): Name = "Lead Free"; Value = "Yes"; VariantName = "[No Variations]"
Add component (AddParameter): Name = "Manufacturer"; Value = "Taiwan Semiconductor"; VariantName = "[No Variations]"
Add component (AddParameter): Name = "Manufacturer Part Number"; Value = "GBPC3510W T0"; VariantName = "[No Variations]"
Add component (AddParameter): Name = "Max Junction Temp"; Value = "+150°C"; VariantName = "[No Variations]"
Add component (AddParameter): Name = "Max Repetitive Reverse Voltage"; Value = "1000V"; VariantName = "[No Variations]"
Add component (AddParameter): Name = "Max Surge Forward Current"; Value = "400A"; VariantName = "[No Variations]"
Add component (AddParameter): Name = "Octopart"; Value = "https://octopart.com/gbpc3510w+t0-taiwan+semiconductor-12450781"; VariantName = "[No Variations]"
Add component (AddParameter): Name = "Package"; Value = "GBPC-W"; VariantName = "[No Variations]"
Add component (AddParameter): Name = "Peak Reverse Current"; Value = "5uA"; VariantName = "[No Variations]"
Add component (AddParameter): Name = "Reverse Voltage"; Value = "1000V"; VariantName = "[No Variations]"
Add component (AddParameter): Name = "RoHS"; Value = "TRUE"; VariantName = "[No Variations]"
Add component (AddParameter): Name = "Temperature"; Value = "-55°C to +150°C"; VariantName = "[No Variations]"
Add component (AddParameter): Name = "Temperature Range High"; Value = "+150°C"; VariantName = "[No Variations]"
Add component (AddParameter): Name = "Temperature Range Low"; Value = "-55°C"; VariantName = "[No Variations]"
Added Component: Designator=U2(OKI78SR515W36C)
Add component (AddParameter): Name = "Applications"; Value = "ITE(Commercial)"; VariantName = "[No Variations]"
Add component (AddParameter): Name = "Category"; Value = "PowerSupplies-BoardMount"; VariantName = "[No Variations]"
Add component (AddParameter): Name = "Current - Output (Max)"; Value = "1.5A"; VariantName = "[No Variations]"
Add component (AddParameter): Name = "Datasheet URL"; Value = "https://datasheet.ciiva.com/8006/1790439-8006672.pdf"; VariantName = "[No Variations]"
Add component (AddParameter): Name = "Datasheet Version"; Value = "Oct-13"; VariantName = "[No Variations]"
Add component (AddParameter): Name = "Efficiency"; Value = "90.5%"; VariantName = "[No Variations]"
Add component (AddParameter): Name = "Family"; Value = "DCDCConverters"; VariantName = "[No Variations]"
Add component (AddParameter): Name = "Features"; Value = "SCP"; VariantName = "[No Variations]"
Add component (AddParameter): Name = "Manufacturer"; Value = "Murata"; VariantName = "[No Variations]"
Add component (AddParameter): Name = "Manufacturer URL"; Value = "http://www.murata.com/"; VariantName = "[No Variations]"
Add component (AddParameter): Name = "Mounting Type"; Value = "ThroughHole"; VariantName = "[No Variations]"
Add component (AddParameter): Name = "Number of Outputs"; Value = "1"; VariantName = "[No Variations]"
Add component (AddParameter): Name = "Operating Temperature"; Value = "-40degC~85degC"; VariantName = "[No Variations]"
Add component (AddParameter): Name = "Package / Case"; Value = "3-SIPModule"; VariantName = "[No Variations]"
Add component (AddParameter): Name = "Packaging"; Value = "Tube"; VariantName = "[No Variations]"
Add component (AddParameter): Name = "Power (Watts) - Manufacture Series"; Value = "8W"; VariantName = "[No Variations]"
Add component (AddParameter): Name = "Power (Watts) - Max"; Value = "8W"; VariantName = "[No Variations]"
Add component (AddParameter): Name = "Series"; Value = "Okami™OKI-78SR"; VariantName = "[No Variations]"
Add component (AddParameter): Name = "Size / Dimension"; Value = "0.41"Lx0.30"Wx0.65"H(10.4mmx7.6mmx16.5mm)"; VariantName = "[No Variations]"
Add component (AddParameter): Name = "Type"; Value = "LinearRegulatorReplacement"; VariantName = "[No Variations]"
Add component (AddParameter): Name = "Voltage - Input (Max)"; Value = "36V"; VariantName = "[No Variations]"
Add component (AddParameter): Name = "Voltage - Input (Min)"; Value = "7V"; VariantName = "[No Variations]"
Add component (AddParameter): Name = "Voltage - Isolation"; Value = "-"; VariantName = "[No Variations]"
Add component (AddParameter): Name = "Voltage - Output 1"; Value = "5V"; VariantName = "[No Variations]"
Add component (AddParameter): Name = "Voltage - Output 2"; Value = "-"; VariantName = "[No Variations]"
Add component (AddParameter): Name = "Voltage - Output 3"; Value = "-"; VariantName = "[No Variations]"
Added Pin To Net: NetName=GND Pin=C5-2
Added Pin To Net: NetName=+5 Pin=C6-1
Added Pin To Net: NetName=GND Pin=C6-2
Added Pin To Net: NetName=GND Pin=D1-2
Add Pin To Net: Unknown Pin: Pin L1-1
Add Pin To Net: Unknown Pin: Pin L1-2
Add Pin To Net: Unknown Pin: Pin L1-3
Add Pin To Net: Unknown Pin: Pin L1-4
Add Pin To Net: Unknown Pin: Pin Q3-1
Add Pin To Net: Unknown Pin: Pin Q3-2
Add Pin To Net: Unknown Pin: Pin Q3-3
Added Pin To Net: NetName=GND Pin=U1-4
Added Pin To Net: NetName=+5 Pin=U1-8
Added Pin To Net: NetName=GND Pin=U2-2
Added Pin To Net: NetName=+5 Pin=U2-3
Change Net Name : Old Net Name=NetC3_1 New Net Name=analog2
Change Net Name : Old Net Name=NetC4_1 New Net Name=analog1
Added Pin To Net: NetName=NetC5_1 Pin=C5-1
Added Pin To Net: NetName=NetC5_1 Pin=D1-1
Added Pin To Net: NetName=NetC5_1 Pin=U2-1
Added Net: Name=NetC5_1
Added Class: Name=Voeding
Add Class Member: Failed to add class member : Component L1 Common mode Choke
Add Class Member: Failed to add class member : Component Q3 BC857
Added Room: Name=Voeding
